<?xml version="1.0" encoding="UTF-8"?>
<!-- Generated by org.testng.reporters.JUnitReportReporter -->
<testsuite skipped="0" hostname="9DHZQN2" name="com.phpt.qa.testcases.ContactPageTest" tests="3" failures="0" timestamp="03 Sep 2018 11:35:05 GMT" time="74.884" errors="0">
  <testcase name="verifySubmitAContact" time="25.953" classname="com.phpt.qa.testcases.ContactPageTest"/>
  <testcase name="verifySubmitAContact" time="24.439" classname="com.phpt.qa.testcases.ContactPageTest"/>
  <testcase name="verifySubmitAContact" time="24.492" classname="com.phpt.qa.testcases.ContactPageTest"/>
</testsuite> <!-- com.phpt.qa.testcases.ContactPageTest -->
